c:\users\micha\desktop\platformer attempt\engine\x64\debug\vc140.pdb
c:\users\micha\desktop\platformer attempt\engine\x64\debug\vc140.idb
c:\users\micha\desktop\platformer attempt\engine\x64\debug\animator.obj
c:\users\micha\desktop\platformer attempt\engine\x64\debug\collectible.obj
c:\users\micha\desktop\platformer attempt\engine\x64\debug\collider.obj
c:\users\micha\desktop\platformer attempt\engine\x64\debug\enemy.obj
c:\users\micha\desktop\platformer attempt\engine\x64\debug\engine.obj
c:\users\micha\desktop\platformer attempt\engine\x64\debug\flyingenemy.obj
c:\users\micha\desktop\platformer attempt\engine\x64\debug\game.obj
c:\users\micha\desktop\platformer attempt\engine\x64\debug\gameobjects.obj
c:\users\micha\desktop\platformer attempt\engine\x64\debug\laserbeam.obj
c:\users\micha\desktop\platformer attempt\engine\x64\debug\levelhazards.obj
c:\users\micha\desktop\platformer attempt\engine\x64\debug\noninteractive.obj
c:\users\micha\desktop\platformer attempt\engine\x64\debug\platform.obj
c:\users\micha\desktop\platformer attempt\engine\x64\debug\player.obj
c:\users\micha\desktop\platformer attempt\engine\x64\debug\randos.obj
c:\users\micha\desktop\platformer attempt\engine\x64\debug\ship.obj
c:\users\micha\desktop\platformer attempt\engine\x64\debug\standingstate.obj
c:\users\micha\desktop\platformer attempt\engine\x64\debug\stdafx.obj
c:\users\micha\desktop\platformer attempt\engine\x64\debug\engine.ilk
c:\users\micha\desktop\platformer attempt\engine\x64\debug\engine.exe
c:\users\micha\desktop\platformer attempt\engine\x64\debug\engine.pdb
c:\users\micha\desktop\platformer attempt\engine\x64\debug\engine.tlog\cl.command.1.tlog
c:\users\micha\desktop\platformer attempt\engine\x64\debug\engine.tlog\cl.read.1.tlog
c:\users\micha\desktop\platformer attempt\engine\x64\debug\engine.tlog\cl.write.1.tlog
c:\users\micha\desktop\platformer attempt\engine\x64\debug\engine.tlog\link.command.1.tlog
c:\users\micha\desktop\platformer attempt\engine\x64\debug\engine.tlog\link.read.1.tlog
c:\users\micha\desktop\platformer attempt\engine\x64\debug\engine.tlog\link.write.1.tlog
